{"/Users/x/Work/libry/ui-its/src/components/Button/Button.tsx": {"path":"/Users/x/Work/libry/ui-its/src/components/Button/Button.tsx","statementMap":{"0":{"start":{"line":28,"column":4},"end":{"line":28,"column":10}},"1":{"start":{"line":30,"column":22},"end":{"line":62,"column":1}},"2":{"start":{"line":31,"column":2},"end":{"line":61,"column":3}},"3":{"start":{"line":33,"column":6},"end":{"line":33,"column":40}},"4":{"start":{"line":36,"column":6},"end":{"line":36,"column":39}},"5":{"start":{"line":39,"column":6},"end":{"line":39,"column":39}},"6":{"start":{"line":42,"column":6},"end":{"line":42,"column":39}},"7":{"start":{"line":45,"column":6},"end":{"line":45,"column":38}},"8":{"start":{"line":48,"column":6},"end":{"line":48,"column":39}},"9":{"start":{"line":51,"column":6},"end":{"line":51,"column":40}},"10":{"start":{"line":54,"column":6},"end":{"line":54,"column":37}},"11":{"start":{"line":57,"column":6},"end":{"line":57,"column":38}},"12":{"start":{"line":60,"column":6},"end":{"line":60,"column":39}},"13":{"start":{"line":64,"column":33},"end":{"line":150,"column":1}},"14":{"start":{"line":80,"column":24},"end":{"line":100,"column":8}},"15":{"start":{"line":81,"column":19},"end":{"line":81,"column":53}},"16":{"start":{"line":83,"column":19},"end":{"line":83,"column":49}},"17":{"start":{"line":84,"column":21},"end":{"line":84,"column":72}},"18":{"start":{"line":85,"column":19},"end":{"line":85,"column":31}},"19":{"start":{"line":86,"column":21},"end":{"line":86,"column":51}},"20":{"start":{"line":88,"column":4},"end":{"line":88,"column":63}},"21":{"start":{"line":89,"column":4},"end":{"line":89,"column":58}},"22":{"start":{"line":90,"column":4},"end":{"line":90,"column":57}},"23":{"start":{"line":91,"column":4},"end":{"line":91,"column":33}},"24":{"start":{"line":93,"column":17},"end":{"line":93,"column":46}},"25":{"start":{"line":95,"column":4},"end":{"line":97,"column":5}},"26":{"start":{"line":96,"column":6},"end":{"line":96,"column":20}},"27":{"start":{"line":99,"column":4},"end":{"line":99,"column":31}},"28":{"start":{"line":102,"column":23},"end":{"line":107,"column":59}},"29":{"start":{"line":103,"column":4},"end":{"line":106,"column":5}},"30":{"start":{"line":104,"column":6},"end":{"line":104,"column":40}},"31":{"start":{"line":104,"column":23},"end":{"line":104,"column":40}},"32":{"start":{"line":105,"column":6},"end":{"line":105,"column":37}},"33":{"start":{"line":105,"column":19},"end":{"line":105,"column":37}},"34":{"start":{"line":109,"column":26},"end":{"line":125,"column":80}},"35":{"start":{"line":110,"column":43},"end":{"line":110,"column":80}},"36":{"start":{"line":112,"column":4},"end":{"line":112,"column":51}},"37":{"start":{"line":112,"column":18},"end":{"line":112,"column":51}},"38":{"start":{"line":114,"column":4},"end":{"line":114,"column":75}},"39":{"start":{"line":114,"column":29},"end":{"line":114,"column":75}},"40":{"start":{"line":116,"column":4},"end":{"line":116,"column":52}},"41":{"start":{"line":116,"column":14},"end":{"line":116,"column":52}},"42":{"start":{"line":118,"column":4},"end":{"line":118,"column":49}},"43":{"start":{"line":118,"column":17},"end":{"line":118,"column":49}},"44":{"start":{"line":120,"column":4},"end":{"line":120,"column":49}},"45":{"start":{"line":120,"column":17},"end":{"line":120,"column":49}},"46":{"start":{"line":122,"column":4},"end":{"line":122,"column":49}},"47":{"start":{"line":122,"column":19},"end":{"line":122,"column":49}},"48":{"start":{"line":124,"column":4},"end":{"line":124,"column":36}},"49":{"start":{"line":127,"column":18},"end":{"line":135,"column":31}},"50":{"start":{"line":128,"column":4},"end":{"line":134,"column":5}},"51":{"start":{"line":137,"column":22},"end":{"line":142,"column":3}},"52":{"start":{"line":144,"column":2},"end":{"line":148,"column":3}}},"fnMap":{"0":{"name":"(anonymous_0)","decl":{"start":{"line":30,"column":22},"end":{"line":30,"column":23}},"loc":{"start":{"line":30,"column":66},"end":{"line":62,"column":1}},"line":30},"1":{"name":"(anonymous_1)","decl":{"start":{"line":64,"column":33},"end":{"line":64,"column":34}},"loc":{"start":{"line":79,"column":8},"end":{"line":150,"column":1}},"line":79},"2":{"name":"(anonymous_2)","decl":{"start":{"line":80,"column":36},"end":{"line":80,"column":37}},"loc":{"start":{"line":80,"column":59},"end":{"line":100,"column":3}},"line":80},"3":{"name":"(anonymous_3)","decl":{"start":{"line":102,"column":35},"end":{"line":102,"column":36}},"loc":{"start":{"line":102,"column":54},"end":{"line":107,"column":3}},"line":102},"4":{"name":"(anonymous_4)","decl":{"start":{"line":109,"column":34},"end":{"line":109,"column":35}},"loc":{"start":{"line":109,"column":40},"end":{"line":125,"column":3}},"line":109},"5":{"name":"(anonymous_5)","decl":{"start":{"line":127,"column":26},"end":{"line":127,"column":27}},"loc":{"start":{"line":127,"column":32},"end":{"line":135,"column":3}},"line":127}},"branchMap":{"0":{"loc":{"start":{"line":31,"column":2},"end":{"line":61,"column":3}},"type":"switch","locations":[{"start":{"line":32,"column":4},"end":{"line":34,"column":5}},{"start":{"line":35,"column":4},"end":{"line":37,"column":5}},{"start":{"line":38,"column":4},"end":{"line":40,"column":5}},{"start":{"line":41,"column":4},"end":{"line":43,"column":5}},{"start":{"line":44,"column":4},"end":{"line":46,"column":5}},{"start":{"line":47,"column":4},"end":{"line":49,"column":5}},{"start":{"line":50,"column":4},"end":{"line":52,"column":5}},{"start":{"line":53,"column":4},"end":{"line":55,"column":5}},{"start":{"line":56,"column":4},"end":{"line":58,"column":5}},{"start":{"line":59,"column":4},"end":{"line":60,"column":39}}],"line":31},"1":{"loc":{"start":{"line":67,"column":4},"end":{"line":67,"column":41}},"type":"default-arg","locations":[{"start":{"line":67,"column":18},"end":{"line":67,"column":41}}],"line":67},"2":{"loc":{"start":{"line":68,"column":4},"end":{"line":68,"column":32}},"type":"default-arg","locations":[{"start":{"line":68,"column":10},"end":{"line":68,"column":32}}],"line":68},"3":{"loc":{"start":{"line":70,"column":4},"end":{"line":70,"column":33}},"type":"default-arg","locations":[{"start":{"line":70,"column":11},"end":{"line":70,"column":33}}],"line":70},"4":{"loc":{"start":{"line":73,"column":4},"end":{"line":73,"column":22}},"type":"default-arg","locations":[{"start":{"line":73,"column":18},"end":{"line":73,"column":22}}],"line":73},"5":{"loc":{"start":{"line":95,"column":4},"end":{"line":97,"column":5}},"type":"if","locations":[{"start":{"line":95,"column":4},"end":{"line":97,"column":5}},{"start":{},"end":{}}],"line":95},"6":{"loc":{"start":{"line":103,"column":4},"end":{"line":106,"column":5}},"type":"if","locations":[{"start":{"line":103,"column":4},"end":{"line":106,"column":5}},{"start":{},"end":{}}],"line":103},"7":{"loc":{"start":{"line":104,"column":6},"end":{"line":104,"column":40}},"type":"if","locations":[{"start":{"line":104,"column":6},"end":{"line":104,"column":40}},{"start":{},"end":{}}],"line":104},"8":{"loc":{"start":{"line":105,"column":6},"end":{"line":105,"column":37}},"type":"if","locations":[{"start":{"line":105,"column":6},"end":{"line":105,"column":37}},{"start":{},"end":{}}],"line":105},"9":{"loc":{"start":{"line":110,"column":43},"end":{"line":110,"column":80}},"type":"cond-expr","locations":[{"start":{"line":110,"column":55},"end":{"line":110,"column":75}},{"start":{"line":110,"column":78},"end":{"line":110,"column":80}}],"line":110},"10":{"loc":{"start":{"line":112,"column":4},"end":{"line":112,"column":51}},"type":"if","locations":[{"start":{"line":112,"column":4},"end":{"line":112,"column":51}},{"start":{},"end":{}}],"line":112},"11":{"loc":{"start":{"line":114,"column":4},"end":{"line":114,"column":75}},"type":"if","locations":[{"start":{"line":114,"column":4},"end":{"line":114,"column":75}},{"start":{},"end":{}}],"line":114},"12":{"loc":{"start":{"line":114,"column":8},"end":{"line":114,"column":27}},"type":"binary-expr","locations":[{"start":{"line":114,"column":8},"end":{"line":114,"column":19}},{"start":{"line":114,"column":23},"end":{"line":114,"column":27}}],"line":114},"13":{"loc":{"start":{"line":116,"column":4},"end":{"line":116,"column":52}},"type":"if","locations":[{"start":{"line":116,"column":4},"end":{"line":116,"column":52}},{"start":{},"end":{}}],"line":116},"14":{"loc":{"start":{"line":118,"column":4},"end":{"line":118,"column":49}},"type":"if","locations":[{"start":{"line":118,"column":4},"end":{"line":118,"column":49}},{"start":{},"end":{}}],"line":118},"15":{"loc":{"start":{"line":120,"column":4},"end":{"line":120,"column":49}},"type":"if","locations":[{"start":{"line":120,"column":4},"end":{"line":120,"column":49}},{"start":{},"end":{}}],"line":120},"16":{"loc":{"start":{"line":122,"column":4},"end":{"line":122,"column":49}},"type":"if","locations":[{"start":{"line":122,"column":4},"end":{"line":122,"column":49}},{"start":{},"end":{}}],"line":122},"17":{"loc":{"start":{"line":132,"column":9},"end":{"line":132,"column":69}},"type":"binary-expr","locations":[{"start":{"line":132,"column":9},"end":{"line":132,"column":16}},{"start":{"line":132,"column":20},"end":{"line":132,"column":69}}],"line":132}},"s":{"0":2,"1":2,"2":17,"3":17,"4":0,"5":0,"6":0,"7":0,"8":0,"9":0,"10":0,"11":0,"12":0,"13":2,"14":17,"15":3,"16":3,"17":3,"18":3,"19":3,"20":3,"21":3,"22":3,"23":3,"24":3,"25":3,"26":1,"27":3,"28":17,"29":3,"30":3,"31":3,"32":3,"33":3,"34":17,"35":14,"36":14,"37":1,"38":14,"39":14,"40":14,"41":14,"42":14,"43":1,"44":14,"45":1,"46":14,"47":10,"48":14,"49":17,"50":17,"51":17,"52":17},"f":{"0":17,"1":17,"2":3,"3":3,"4":14,"5":17},"b":{"0":[17,0,0,0,0,0,0,0,0,0],"1":[5],"2":[5],"3":[17],"4":[16],"5":[1,2],"6":[3,0],"7":[3,0],"8":[3,0],"9":[10,4],"10":[1,13],"11":[14,0],"12":[14,14],"13":[14,0],"14":[1,13],"15":[1,13],"16":[10,4],"17":[17,1]},"_coverageSchema":"1a1c01bbd47fc00a2c39e90264f33305004495a9","hash":"53e371f3418fa8736a06bde45131a217adb9dca8"}
,"/Users/x/Work/libry/ui-its/src/components/Button/ButtonGroup.tsx": {"path":"/Users/x/Work/libry/ui-its/src/components/Button/ButtonGroup.tsx","statementMap":{"0":{"start":{"line":12,"column":4},"end":{"line":12,"column":10}},"1":{"start":{"line":14,"column":27},"end":{"line":47,"column":1}},"2":{"start":{"line":15,"column":16},"end":{"line":15,"column":28}},"3":{"start":{"line":16,"column":23},"end":{"line":16,"column":66}},"4":{"start":{"line":17,"column":28},"end":{"line":17,"column":64}},"5":{"start":{"line":18,"column":21},"end":{"line":18,"column":99}},"6":{"start":{"line":19,"column":20},"end":{"line":19,"column":61}},"7":{"start":{"line":20,"column":20},"end":{"line":20,"column":61}},"8":{"start":{"line":25,"column":2},"end":{"line":25,"column":33}},"9":{"start":{"line":27,"column":2},"end":{"line":34,"column":3}},"10":{"start":{"line":28,"column":4},"end":{"line":28,"column":52}},"11":{"start":{"line":29,"column":4},"end":{"line":29,"column":36}},"12":{"start":{"line":30,"column":4},"end":{"line":30,"column":44}},"13":{"start":{"line":32,"column":4},"end":{"line":32,"column":54}},"14":{"start":{"line":33,"column":4},"end":{"line":33,"column":26}},"15":{"start":{"line":36,"column":22},"end":{"line":44,"column":3}},"16":{"start":{"line":46,"column":2},"end":{"line":46,"column":51}},"17":{"start":{"line":49,"column":23},"end":{"line":75,"column":1}},"18":{"start":{"line":50,"column":19},"end":{"line":50,"column":46}},"19":{"start":{"line":52,"column":2},"end":{"line":72,"column":3}},"20":{"start":{"line":53,"column":4},"end":{"line":71,"column":5}},"21":{"start":{"line":54,"column":6},"end":{"line":61,"column":7}},"22":{"start":{"line":55,"column":8},"end":{"line":60,"column":9}},"23":{"start":{"line":56,"column":10},"end":{"line":56,"column":103}},"24":{"start":{"line":57,"column":15},"end":{"line":60,"column":9}},"25":{"start":{"line":58,"column":25},"end":{"line":58,"column":81}},"26":{"start":{"line":59,"column":10},"end":{"line":59,"column":34}},"27":{"start":{"line":63,"column":6},"end":{"line":70,"column":7}},"28":{"start":{"line":64,"column":8},"end":{"line":69,"column":9}},"29":{"start":{"line":65,"column":10},"end":{"line":65,"column":104}},"30":{"start":{"line":66,"column":15},"end":{"line":69,"column":9}},"31":{"start":{"line":67,"column":25},"end":{"line":67,"column":82}},"32":{"start":{"line":68,"column":10},"end":{"line":68,"column":34}},"33":{"start":{"line":74,"column":2},"end":{"line":74,"column":20}},"34":{"start":{"line":77,"column":43},"end":{"line":120,"column":1}},"35":{"start":{"line":88,"column":38},"end":{"line":88,"column":56}},"36":{"start":{"line":90,"column":2},"end":{"line":92,"column":21}},"37":{"start":{"line":91,"column":4},"end":{"line":91,"column":50}},"38":{"start":{"line":91,"column":22},"end":{"line":91,"column":50}},"39":{"start":{"line":94,"column":25},"end":{"line":97,"column":16}},"40":{"start":{"line":95,"column":4},"end":{"line":95,"column":41}},"41":{"start":{"line":95,"column":18},"end":{"line":95,"column":41}},"42":{"start":{"line":96,"column":4},"end":{"line":96,"column":25}},"43":{"start":{"line":99,"column":18},"end":{"line":113,"column":94}},"44":{"start":{"line":100,"column":4},"end":{"line":110,"column":5}},"45":{"start":{"line":101,"column":27},"end":{"line":101,"column":46}},"46":{"start":{"line":102,"column":28},"end":{"line":107,"column":7}},"47":{"start":{"line":109,"column":6},"end":{"line":109,"column":67}},"48":{"start":{"line":112,"column":4},"end":{"line":112,"column":16}},"49":{"start":{"line":115,"column":2},"end":{"line":119,"column":4}}},"fnMap":{"0":{"name":"(anonymous_0)","decl":{"start":{"line":14,"column":27},"end":{"line":14,"column":28}},"loc":{"start":{"line":14,"column":107},"end":{"line":47,"column":1}},"line":14},"1":{"name":"(anonymous_1)","decl":{"start":{"line":49,"column":23},"end":{"line":49,"column":24}},"loc":{"start":{"line":49,"column":130},"end":{"line":75,"column":1}},"line":49},"2":{"name":"(anonymous_2)","decl":{"start":{"line":77,"column":43},"end":{"line":77,"column":44}},"loc":{"start":{"line":87,"column":8},"end":{"line":120,"column":1}},"line":87},"3":{"name":"(anonymous_3)","decl":{"start":{"line":90,"column":12},"end":{"line":90,"column":13}},"loc":{"start":{"line":90,"column":18},"end":{"line":92,"column":3}},"line":90},"4":{"name":"(anonymous_4)","decl":{"start":{"line":94,"column":37},"end":{"line":94,"column":38}},"loc":{"start":{"line":94,"column":55},"end":{"line":97,"column":3}},"line":94},"5":{"name":"(anonymous_5)","decl":{"start":{"line":99,"column":26},"end":{"line":99,"column":27}},"loc":{"start":{"line":99,"column":32},"end":{"line":113,"column":3}},"line":99}},"branchMap":{"0":{"loc":{"start":{"line":16,"column":23},"end":{"line":16,"column":66}},"type":"binary-expr","locations":[{"start":{"line":16,"column":23},"end":{"line":16,"column":34}},{"start":{"line":16,"column":38},"end":{"line":16,"column":66}}],"line":16},"1":{"loc":{"start":{"line":17,"column":28},"end":{"line":17,"column":64}},"type":"binary-expr","locations":[{"start":{"line":17,"column":28},"end":{"line":17,"column":38}},{"start":{"line":17,"column":42},"end":{"line":17,"column":64}}],"line":17},"2":{"loc":{"start":{"line":18,"column":21},"end":{"line":18,"column":99}},"type":"cond-expr","locations":[{"start":{"line":18,"column":34},"end":{"line":18,"column":44}},{"start":{"line":18,"column":47},"end":{"line":18,"column":99}}],"line":18},"3":{"loc":{"start":{"line":18,"column":47},"end":{"line":18,"column":99}},"type":"cond-expr","locations":[{"start":{"line":18,"column":62},"end":{"line":18,"column":71}},{"start":{"line":18,"column":74},"end":{"line":18,"column":99}}],"line":18},"4":{"loc":{"start":{"line":19,"column":20},"end":{"line":19,"column":61}},"type":"binary-expr","locations":[{"start":{"line":19,"column":20},"end":{"line":19,"column":30}},{"start":{"line":19,"column":34},"end":{"line":19,"column":45}},{"start":{"line":19,"column":49},"end":{"line":19,"column":61}}],"line":19},"5":{"loc":{"start":{"line":20,"column":20},"end":{"line":20,"column":61}},"type":"binary-expr","locations":[{"start":{"line":20,"column":20},"end":{"line":20,"column":55}},{"start":{"line":20,"column":59},"end":{"line":20,"column":61}}],"line":20},"6":{"loc":{"start":{"line":27,"column":2},"end":{"line":34,"column":3}},"type":"if","locations":[{"start":{"line":27,"column":2},"end":{"line":34,"column":3}},{"start":{"line":31,"column":9},"end":{"line":34,"column":3}}],"line":27},"7":{"loc":{"start":{"line":50,"column":19},"end":{"line":50,"column":46}},"type":"cond-expr","locations":[{"start":{"line":50,"column":29},"end":{"line":50,"column":41}},{"start":{"line":50,"column":44},"end":{"line":50,"column":46}}],"line":50},"8":{"loc":{"start":{"line":52,"column":2},"end":{"line":72,"column":3}},"type":"if","locations":[{"start":{"line":52,"column":2},"end":{"line":72,"column":3}},{"start":{},"end":{}}],"line":52},"9":{"loc":{"start":{"line":52,"column":6},"end":{"line":52,"column":46}},"type":"binary-expr","locations":[{"start":{"line":52,"column":6},"end":{"line":52,"column":14}},{"start":{"line":52,"column":18},"end":{"line":52,"column":46}}],"line":52},"10":{"loc":{"start":{"line":53,"column":4},"end":{"line":71,"column":5}},"type":"if","locations":[{"start":{"line":53,"column":4},"end":{"line":71,"column":5}},{"start":{"line":62,"column":11},"end":{"line":71,"column":5}}],"line":53},"11":{"loc":{"start":{"line":55,"column":8},"end":{"line":60,"column":9}},"type":"if","locations":[{"start":{"line":55,"column":8},"end":{"line":60,"column":9}},{"start":{"line":57,"column":15},"end":{"line":60,"column":9}}],"line":55},"12":{"loc":{"start":{"line":57,"column":15},"end":{"line":60,"column":9}},"type":"if","locations":[{"start":{"line":57,"column":15},"end":{"line":60,"column":9}},{"start":{},"end":{}}],"line":57},"13":{"loc":{"start":{"line":63,"column":6},"end":{"line":70,"column":7}},"type":"if","locations":[{"start":{"line":63,"column":6},"end":{"line":70,"column":7}},{"start":{},"end":{}}],"line":63},"14":{"loc":{"start":{"line":64,"column":8},"end":{"line":69,"column":9}},"type":"if","locations":[{"start":{"line":64,"column":8},"end":{"line":69,"column":9}},{"start":{"line":66,"column":15},"end":{"line":69,"column":9}}],"line":64},"15":{"loc":{"start":{"line":66,"column":15},"end":{"line":69,"column":9}},"type":"if","locations":[{"start":{"line":66,"column":15},"end":{"line":69,"column":9}},{"start":{},"end":{}}],"line":66},"16":{"loc":{"start":{"line":80,"column":4},"end":{"line":80,"column":17}},"type":"default-arg","locations":[{"start":{"line":80,"column":16},"end":{"line":80,"column":17}}],"line":80},"17":{"loc":{"start":{"line":81,"column":4},"end":{"line":81,"column":42}},"type":"default-arg","locations":[{"start":{"line":81,"column":19},"end":{"line":81,"column":42}}],"line":81},"18":{"loc":{"start":{"line":82,"column":4},"end":{"line":82,"column":48}},"type":"default-arg","locations":[{"start":{"line":82,"column":21},"end":{"line":82,"column":48}}],"line":82},"19":{"loc":{"start":{"line":83,"column":4},"end":{"line":83,"column":29}},"type":"default-arg","locations":[{"start":{"line":83,"column":18},"end":{"line":83,"column":29}}],"line":83},"20":{"loc":{"start":{"line":91,"column":4},"end":{"line":91,"column":50}},"type":"if","locations":[{"start":{"line":91,"column":4},"end":{"line":91,"column":50}},{"start":{},"end":{}}],"line":91},"21":{"loc":{"start":{"line":95,"column":4},"end":{"line":95,"column":41}},"type":"if","locations":[{"start":{"line":95,"column":4},"end":{"line":95,"column":41}},{"start":{},"end":{}}],"line":95},"22":{"loc":{"start":{"line":100,"column":4},"end":{"line":110,"column":5}},"type":"if","locations":[{"start":{"line":100,"column":4},"end":{"line":110,"column":5}},{"start":{},"end":{}}],"line":100},"23":{"loc":{"start":{"line":101,"column":27},"end":{"line":101,"column":46}},"type":"binary-expr","locations":[{"start":{"line":101,"column":27},"end":{"line":101,"column":32}},{"start":{"line":101,"column":36},"end":{"line":101,"column":46}}],"line":101}},"s":{"0":1,"1":1,"2":12,"3":12,"4":12,"5":12,"6":12,"7":12,"8":12,"9":12,"10":3,"11":3,"12":3,"13":9,"14":9,"15":12,"16":12,"17":1,"18":9,"19":9,"20":9,"21":5,"22":16,"23":2,"24":14,"25":10,"26":10,"27":4,"28":4,"29":2,"30":2,"31":2,"32":2,"33":9,"34":1,"35":6,"36":6,"37":3,"38":2,"39":6,"40":1,"41":1,"42":1,"43":6,"44":6,"45":5,"46":5,"47":5,"48":1,"49":6},"f":{"0":12,"1":9,"2":6,"3":3,"4":1,"5":6},"b":{"0":[12,12],"1":[12,12],"2":[0,12],"3":[3,9],"4":[12,12,0],"5":[12,12],"6":[3,9],"7":[4,5],"8":[9,0],"9":[9,9],"10":[5,4],"11":[2,14],"12":[10,4],"13":[4,0],"14":[2,2],"15":[2,0],"16":[6],"17":[6],"18":[6],"19":[6],"20":[2,1],"21":[1,0],"22":[5,1],"23":[5,5]},"_coverageSchema":"1a1c01bbd47fc00a2c39e90264f33305004495a9","hash":"358a6487b78cb9cca10ac17c271cae521bad1a33"}
,"/Users/x/Work/libry/ui-its/src/components/Checkbox/Checkbox.tsx": {"path":"/Users/x/Work/libry/ui-its/src/components/Checkbox/Checkbox.tsx","statementMap":{"0":{"start":{"line":15,"column":4},"end":{"line":15,"column":10}},"1":{"start":{"line":17,"column":37},"end":{"line":72,"column":1}},"2":{"start":{"line":29,"column":42},"end":{"line":29,"column":66}},"3":{"start":{"line":31,"column":2},"end":{"line":31,"column":55}},"4":{"start":{"line":31,"column":18},"end":{"line":31,"column":42}},"5":{"start":{"line":33,"column":23},"end":{"line":39,"column":32}},"6":{"start":{"line":34,"column":4},"end":{"line":38,"column":5}},"7":{"start":{"line":35,"column":6},"end":{"line":35,"column":38}},"8":{"start":{"line":37,"column":6},"end":{"line":37,"column":68}},"9":{"start":{"line":41,"column":20},"end":{"line":47,"column":16}},"10":{"start":{"line":42,"column":37},"end":{"line":42,"column":39}},"11":{"start":{"line":44,"column":4},"end":{"line":44,"column":45}},"12":{"start":{"line":44,"column":18},"end":{"line":44,"column":45}},"13":{"start":{"line":46,"column":4},"end":{"line":46,"column":31}},"14":{"start":{"line":49,"column":24},"end":{"line":56,"column":23}},"15":{"start":{"line":50,"column":19},"end":{"line":50,"column":38}},"16":{"start":{"line":51,"column":20},"end":{"line":51,"column":34}},"17":{"start":{"line":53,"column":4},"end":{"line":53,"column":29}},"18":{"start":{"line":55,"column":4},"end":{"line":55,"column":50}},"19":{"start":{"line":55,"column":18},"end":{"line":55,"column":50}},"20":{"start":{"line":58,"column":60},"end":{"line":60,"column":23}},"21":{"start":{"line":59,"column":4},"end":{"line":59,"column":50}},"22":{"start":{"line":59,"column":27},"end":{"line":59,"column":50}},"23":{"start":{"line":62,"column":2},"end":{"line":71,"column":4}}},"fnMap":{"0":{"name":"(anonymous_0)","decl":{"start":{"line":17,"column":37},"end":{"line":17,"column":38}},"loc":{"start":{"line":28,"column":8},"end":{"line":72,"column":1}},"line":28},"1":{"name":"(anonymous_1)","decl":{"start":{"line":31,"column":12},"end":{"line":31,"column":13}},"loc":{"start":{"line":31,"column":18},"end":{"line":31,"column":42}},"line":31},"2":{"name":"(anonymous_2)","decl":{"start":{"line":33,"column":31},"end":{"line":33,"column":32}},"loc":{"start":{"line":33,"column":37},"end":{"line":39,"column":3}},"line":33},"3":{"name":"(anonymous_3)","decl":{"start":{"line":41,"column":28},"end":{"line":41,"column":29}},"loc":{"start":{"line":41,"column":34},"end":{"line":47,"column":3}},"line":41},"4":{"name":"(anonymous_4)","decl":{"start":{"line":49,"column":36},"end":{"line":49,"column":37}},"loc":{"start":{"line":49,"column":78},"end":{"line":56,"column":3}},"line":49},"5":{"name":"(anonymous_5)","decl":{"start":{"line":58,"column":72},"end":{"line":58,"column":73}},"loc":{"start":{"line":58,"column":83},"end":{"line":60,"column":3}},"line":58}},"branchMap":{"0":{"loc":{"start":{"line":19,"column":4},"end":{"line":19,"column":19}},"type":"default-arg","locations":[{"start":{"line":19,"column":14},"end":{"line":19,"column":19}}],"line":19},"1":{"loc":{"start":{"line":34,"column":4},"end":{"line":38,"column":5}},"type":"if","locations":[{"start":{"line":34,"column":4},"end":{"line":38,"column":5}},{"start":{"line":36,"column":11},"end":{"line":38,"column":5}}],"line":34},"2":{"loc":{"start":{"line":37,"column":13},"end":{"line":37,"column":67}},"type":"cond-expr","locations":[{"start":{"line":37,"column":28},"end":{"line":37,"column":49}},{"start":{"line":37,"column":52},"end":{"line":37,"column":67}}],"line":37},"3":{"loc":{"start":{"line":44,"column":4},"end":{"line":44,"column":45}},"type":"if","locations":[{"start":{"line":44,"column":4},"end":{"line":44,"column":45}},{"start":{},"end":{}}],"line":44},"4":{"loc":{"start":{"line":55,"column":4},"end":{"line":55,"column":50}},"type":"if","locations":[{"start":{"line":55,"column":4},"end":{"line":55,"column":50}},{"start":{},"end":{}}],"line":55},"5":{"loc":{"start":{"line":59,"column":4},"end":{"line":59,"column":50}},"type":"if","locations":[{"start":{"line":59,"column":4},"end":{"line":59,"column":50}},{"start":{},"end":{}}],"line":59},"6":{"loc":{"start":{"line":59,"column":8},"end":{"line":59,"column":25}},"type":"binary-expr","locations":[{"start":{"line":59,"column":8},"end":{"line":59,"column":13}},{"start":{"line":59,"column":17},"end":{"line":59,"column":25}}],"line":59},"7":{"loc":{"start":{"line":66,"column":9},"end":{"line":66,"column":37}},"type":"binary-expr","locations":[{"start":{"line":66,"column":9},"end":{"line":66,"column":14}},{"start":{"line":66,"column":18},"end":{"line":66,"column":37}}],"line":66},"8":{"loc":{"start":{"line":68,"column":9},"end":{"line":68,"column":60}},"type":"binary-expr","locations":[{"start":{"line":68,"column":9},"end":{"line":68,"column":17}},{"start":{"line":68,"column":21},"end":{"line":68,"column":60}}],"line":68}},"s":{"0":1,"1":1,"2":6,"3":6,"4":5,"5":6,"6":6,"7":2,"8":4,"9":6,"10":5,"11":5,"12":1,"13":5,"14":6,"15":1,"16":1,"17":1,"18":1,"19":0,"20":6,"21":3,"22":1,"23":6},"f":{"0":6,"1":5,"2":6,"3":5,"4":1,"5":3},"b":{"0":[6],"1":[2,4],"2":[0,4],"3":[1,4],"4":[0,1],"5":[1,2],"6":[3,3],"7":[6,1],"8":[6,6]},"_coverageSchema":"1a1c01bbd47fc00a2c39e90264f33305004495a9","hash":"bda7efa08a0a24e004f34823966cc9e49f3f7bda"}
,"/Users/x/Work/libry/ui-its/src/components/Input/Input.tsx": {"path":"/Users/x/Work/libry/ui-its/src/components/Input/Input.tsx","statementMap":{"0":{"start":{"line":16,"column":4},"end":{"line":16,"column":10}},"1":{"start":{"line":18,"column":31},"end":{"line":140,"column":1}},"2":{"start":{"line":37,"column":54},"end":{"line":37,"column":69}},"3":{"start":{"line":38,"column":38},"end":{"line":38,"column":56}},"4":{"start":{"line":40,"column":2},"end":{"line":40,"column":49}},"5":{"start":{"line":40,"column":18},"end":{"line":40,"column":38}},"6":{"start":{"line":42,"column":26},"end":{"line":45,"column":3}},"7":{"start":{"line":43,"column":11},"end":{"line":43,"column":58}},"8":{"start":{"line":47,"column":24},"end":{"line":65,"column":78}},"9":{"start":{"line":48,"column":37},"end":{"line":48,"column":39}},"10":{"start":{"line":50,"column":4},"end":{"line":50,"column":39}},"11":{"start":{"line":50,"column":15},"end":{"line":50,"column":39}},"12":{"start":{"line":52,"column":4},"end":{"line":52,"column":37}},"13":{"start":{"line":52,"column":14},"end":{"line":52,"column":37}},"14":{"start":{"line":54,"column":4},"end":{"line":54,"column":52}},"15":{"start":{"line":54,"column":28},"end":{"line":54,"column":52}},"16":{"start":{"line":56,"column":4},"end":{"line":56,"column":78}},"17":{"start":{"line":56,"column":44},"end":{"line":56,"column":78}},"18":{"start":{"line":58,"column":4},"end":{"line":58,"column":39}},"19":{"start":{"line":58,"column":15},"end":{"line":58,"column":39}},"20":{"start":{"line":60,"column":4},"end":{"line":60,"column":45}},"21":{"start":{"line":60,"column":18},"end":{"line":60,"column":45}},"22":{"start":{"line":62,"column":4},"end":{"line":62,"column":44}},"23":{"start":{"line":62,"column":18},"end":{"line":62,"column":44}},"24":{"start":{"line":64,"column":4},"end":{"line":64,"column":31}},"25":{"start":{"line":67,"column":25},"end":{"line":79,"column":30}},"26":{"start":{"line":68,"column":4},"end":{"line":76,"column":5}},"27":{"start":{"line":69,"column":19},"end":{"line":69,"column":60}},"28":{"start":{"line":71,"column":6},"end":{"line":75,"column":7}},"29":{"start":{"line":78,"column":4},"end":{"line":78,"column":16}},"30":{"start":{"line":81,"column":23},"end":{"line":84,"column":15}},"31":{"start":{"line":82,"column":4},"end":{"line":82,"column":32}},"32":{"start":{"line":83,"column":4},"end":{"line":83,"column":27}},"33":{"start":{"line":83,"column":17},"end":{"line":83,"column":27}},"34":{"start":{"line":86,"column":22},"end":{"line":89,"column":14}},"35":{"start":{"line":87,"column":4},"end":{"line":87,"column":33}},"36":{"start":{"line":88,"column":4},"end":{"line":88,"column":25}},"37":{"start":{"line":88,"column":16},"end":{"line":88,"column":25}},"38":{"start":{"line":91,"column":24},"end":{"line":94,"column":16}},"39":{"start":{"line":92,"column":4},"end":{"line":92,"column":41}},"40":{"start":{"line":93,"column":4},"end":{"line":93,"column":50}},"41":{"start":{"line":93,"column":18},"end":{"line":93,"column":50}},"42":{"start":{"line":96,"column":16},"end":{"line":127,"column":121}},"43":{"start":{"line":97,"column":4},"end":{"line":126,"column":5}},"44":{"start":{"line":98,"column":6},"end":{"line":109,"column":7}},"45":{"start":{"line":111,"column":6},"end":{"line":125,"column":7}},"46":{"start":{"line":129,"column":2},"end":{"line":139,"column":4}}},"fnMap":{"0":{"name":"(anonymous_0)","decl":{"start":{"line":18,"column":31},"end":{"line":18,"column":32}},"loc":{"start":{"line":36,"column":8},"end":{"line":140,"column":1}},"line":36},"1":{"name":"(anonymous_1)","decl":{"start":{"line":40,"column":12},"end":{"line":40,"column":13}},"loc":{"start":{"line":40,"column":18},"end":{"line":40,"column":38}},"line":40},"2":{"name":"(anonymous_2)","decl":{"start":{"line":43,"column":4},"end":{"line":43,"column":5}},"loc":{"start":{"line":43,"column":11},"end":{"line":43,"column":58}},"line":43},"3":{"name":"(anonymous_3)","decl":{"start":{"line":47,"column":32},"end":{"line":47,"column":33}},"loc":{"start":{"line":47,"column":38},"end":{"line":65,"column":3}},"line":47},"4":{"name":"(anonymous_4)","decl":{"start":{"line":67,"column":33},"end":{"line":67,"column":34}},"loc":{"start":{"line":67,"column":39},"end":{"line":79,"column":3}},"line":67},"5":{"name":"(anonymous_5)","decl":{"start":{"line":81,"column":35},"end":{"line":81,"column":36}},"loc":{"start":{"line":81,"column":41},"end":{"line":84,"column":3}},"line":81},"6":{"name":"(anonymous_6)","decl":{"start":{"line":86,"column":34},"end":{"line":86,"column":35}},"loc":{"start":{"line":86,"column":40},"end":{"line":89,"column":3}},"line":86},"7":{"name":"(anonymous_7)","decl":{"start":{"line":91,"column":36},"end":{"line":91,"column":37}},"loc":{"start":{"line":91,"column":43},"end":{"line":94,"column":3}},"line":91},"8":{"name":"(anonymous_8)","decl":{"start":{"line":96,"column":24},"end":{"line":96,"column":25}},"loc":{"start":{"line":96,"column":30},"end":{"line":127,"column":3}},"line":96}},"branchMap":{"0":{"loc":{"start":{"line":20,"column":4},"end":{"line":20,"column":14}},"type":"default-arg","locations":[{"start":{"line":20,"column":12},"end":{"line":20,"column":14}}],"line":20},"1":{"loc":{"start":{"line":24,"column":4},"end":{"line":24,"column":35}},"type":"default-arg","locations":[{"start":{"line":24,"column":19},"end":{"line":24,"column":35}}],"line":24},"2":{"loc":{"start":{"line":43,"column":11},"end":{"line":43,"column":58}},"type":"cond-expr","locations":[{"start":{"line":43,"column":32},"end":{"line":43,"column":44}},{"start":{"line":43,"column":47},"end":{"line":43,"column":58}}],"line":43},"3":{"loc":{"start":{"line":50,"column":4},"end":{"line":50,"column":39}},"type":"if","locations":[{"start":{"line":50,"column":4},"end":{"line":50,"column":39}},{"start":{},"end":{}}],"line":50},"4":{"loc":{"start":{"line":52,"column":4},"end":{"line":52,"column":37}},"type":"if","locations":[{"start":{"line":52,"column":4},"end":{"line":52,"column":37}},{"start":{},"end":{}}],"line":52},"5":{"loc":{"start":{"line":54,"column":4},"end":{"line":54,"column":52}},"type":"if","locations":[{"start":{"line":54,"column":4},"end":{"line":54,"column":52}},{"start":{},"end":{}}],"line":54},"6":{"loc":{"start":{"line":56,"column":4},"end":{"line":56,"column":78}},"type":"if","locations":[{"start":{"line":56,"column":4},"end":{"line":56,"column":78}},{"start":{},"end":{}}],"line":56},"7":{"loc":{"start":{"line":56,"column":8},"end":{"line":56,"column":42}},"type":"binary-expr","locations":[{"start":{"line":56,"column":8},"end":{"line":56,"column":26}},{"start":{"line":56,"column":30},"end":{"line":56,"column":42}}],"line":56},"8":{"loc":{"start":{"line":58,"column":4},"end":{"line":58,"column":39}},"type":"if","locations":[{"start":{"line":58,"column":4},"end":{"line":58,"column":39}},{"start":{},"end":{}}],"line":58},"9":{"loc":{"start":{"line":60,"column":4},"end":{"line":60,"column":45}},"type":"if","locations":[{"start":{"line":60,"column":4},"end":{"line":60,"column":45}},{"start":{},"end":{}}],"line":60},"10":{"loc":{"start":{"line":62,"column":4},"end":{"line":62,"column":44}},"type":"if","locations":[{"start":{"line":62,"column":4},"end":{"line":62,"column":44}},{"start":{},"end":{}}],"line":62},"11":{"loc":{"start":{"line":68,"column":4},"end":{"line":76,"column":5}},"type":"if","locations":[{"start":{"line":68,"column":4},"end":{"line":76,"column":5}},{"start":{},"end":{}}],"line":68},"12":{"loc":{"start":{"line":69,"column":19},"end":{"line":69,"column":60}},"type":"cond-expr","locations":[{"start":{"line":69,"column":34},"end":{"line":69,"column":46}},{"start":{"line":69,"column":49},"end":{"line":69,"column":60}}],"line":69},"13":{"loc":{"start":{"line":83,"column":4},"end":{"line":83,"column":27}},"type":"if","locations":[{"start":{"line":83,"column":4},"end":{"line":83,"column":27}},{"start":{},"end":{}}],"line":83},"14":{"loc":{"start":{"line":88,"column":4},"end":{"line":88,"column":25}},"type":"if","locations":[{"start":{"line":88,"column":4},"end":{"line":88,"column":25}},{"start":{},"end":{}}],"line":88},"15":{"loc":{"start":{"line":93,"column":4},"end":{"line":93,"column":50}},"type":"if","locations":[{"start":{"line":93,"column":4},"end":{"line":93,"column":50}},{"start":{},"end":{}}],"line":93},"16":{"loc":{"start":{"line":97,"column":4},"end":{"line":126,"column":5}},"type":"if","locations":[{"start":{"line":97,"column":4},"end":{"line":126,"column":5}},{"start":{"line":110,"column":11},"end":{"line":126,"column":5}}],"line":97},"17":{"loc":{"start":{"line":133,"column":11},"end":{"line":133,"column":99}},"type":"binary-expr","locations":[{"start":{"line":133,"column":11},"end":{"line":133,"column":17}},{"start":{"line":133,"column":21},"end":{"line":133,"column":99}}],"line":133},"18":{"loc":{"start":{"line":136,"column":9},"end":{"line":136,"column":62}},"type":"binary-expr","locations":[{"start":{"line":136,"column":9},"end":{"line":136,"column":14}},{"start":{"line":136,"column":18},"end":{"line":136,"column":62}}],"line":136}},"s":{"0":1,"1":1,"2":14,"3":14,"4":14,"5":7,"6":14,"7":7,"8":14,"9":14,"10":14,"11":2,"12":14,"13":2,"14":14,"15":0,"16":14,"17":0,"18":14,"19":2,"20":14,"21":2,"22":14,"23":2,"24":14,"25":14,"26":7,"27":1,"28":1,"29":6,"30":14,"31":0,"32":0,"33":0,"34":14,"35":0,"36":0,"37":0,"38":14,"39":0,"40":0,"41":0,"42":14,"43":14,"44":0,"45":14,"46":14},"f":{"0":14,"1":7,"2":7,"3":14,"4":7,"5":0,"6":0,"7":0,"8":14},"b":{"0":[14],"1":[14],"2":[0,7],"3":[2,12],"4":[2,12],"5":[0,14],"6":[0,14],"7":[14,14],"8":[2,12],"9":[2,12],"10":[2,12],"11":[1,6],"12":[0,1],"13":[0,0],"14":[0,0],"15":[0,0],"16":[0,14],"17":[14,12],"18":[14,2]},"_coverageSchema":"1a1c01bbd47fc00a2c39e90264f33305004495a9","hash":"c45954df0a47bc8cc712d1577fbc63709aff0a38"}
,"/Users/x/Work/libry/ui-its/src/components/Panel/Panel.tsx": {"path":"/Users/x/Work/libry/ui-its/src/components/Panel/Panel.tsx","statementMap":{"0":{"start":{"line":13,"column":4},"end":{"line":13,"column":10}},"1":{"start":{"line":15,"column":31},"end":{"line":63,"column":1}},"2":{"start":{"line":32,"column":17},"end":{"line":40,"column":64}},"3":{"start":{"line":33,"column":4},"end":{"line":37,"column":5}},"4":{"start":{"line":34,"column":6},"end":{"line":34,"column":29}},"5":{"start":{"line":35,"column":11},"end":{"line":37,"column":5}},"6":{"start":{"line":36,"column":6},"end":{"line":36,"column":99}},"7":{"start":{"line":39,"column":4},"end":{"line":39,"column":16}},"8":{"start":{"line":42,"column":17},"end":{"line":50,"column":64}},"9":{"start":{"line":43,"column":4},"end":{"line":47,"column":5}},"10":{"start":{"line":44,"column":6},"end":{"line":44,"column":29}},"11":{"start":{"line":45,"column":11},"end":{"line":47,"column":5}},"12":{"start":{"line":46,"column":6},"end":{"line":46,"column":99}},"13":{"start":{"line":49,"column":4},"end":{"line":49,"column":16}},"14":{"start":{"line":52,"column":2},"end":{"line":62,"column":4}}},"fnMap":{"0":{"name":"(anonymous_0)","decl":{"start":{"line":15,"column":31},"end":{"line":15,"column":32}},"loc":{"start":{"line":30,"column":5},"end":{"line":63,"column":1}},"line":30},"1":{"name":"(anonymous_1)","decl":{"start":{"line":32,"column":25},"end":{"line":32,"column":26}},"loc":{"start":{"line":32,"column":31},"end":{"line":40,"column":3}},"line":32},"2":{"name":"(anonymous_2)","decl":{"start":{"line":42,"column":25},"end":{"line":42,"column":26}},"loc":{"start":{"line":42,"column":31},"end":{"line":50,"column":3}},"line":42}},"branchMap":{"0":{"loc":{"start":{"line":33,"column":4},"end":{"line":37,"column":5}},"type":"if","locations":[{"start":{"line":33,"column":4},"end":{"line":37,"column":5}},{"start":{"line":35,"column":11},"end":{"line":37,"column":5}}],"line":33},"1":{"loc":{"start":{"line":35,"column":11},"end":{"line":37,"column":5}},"type":"if","locations":[{"start":{"line":35,"column":11},"end":{"line":37,"column":5}},{"start":{},"end":{}}],"line":35},"2":{"loc":{"start":{"line":43,"column":4},"end":{"line":47,"column":5}},"type":"if","locations":[{"start":{"line":43,"column":4},"end":{"line":47,"column":5}},{"start":{"line":45,"column":11},"end":{"line":47,"column":5}}],"line":43},"3":{"loc":{"start":{"line":45,"column":11},"end":{"line":47,"column":5}},"type":"if","locations":[{"start":{"line":45,"column":11},"end":{"line":47,"column":5}},{"start":{},"end":{}}],"line":45}},"s":{"0":1,"1":1,"2":7,"3":5,"4":1,"5":4,"6":1,"7":3,"8":7,"9":5,"10":1,"11":4,"12":1,"13":3,"14":7},"f":{"0":7,"1":5,"2":5},"b":{"0":[1,4],"1":[1,3],"2":[1,4],"3":[1,3]},"_coverageSchema":"1a1c01bbd47fc00a2c39e90264f33305004495a9","hash":"afa91d4d578d2d98c957b774749ef08f141684f2"}
,"/Users/x/Work/libry/ui-its/src/components/TextArea/TextArea.tsx": {"path":"/Users/x/Work/libry/ui-its/src/components/TextArea/TextArea.tsx","statementMap":{"0":{"start":{"line":14,"column":4},"end":{"line":14,"column":10}},"1":{"start":{"line":16,"column":37},"end":{"line":79,"column":1}},"2":{"start":{"line":31,"column":38},"end":{"line":31,"column":56}},"3":{"start":{"line":33,"column":2},"end":{"line":33,"column":49}},"4":{"start":{"line":33,"column":18},"end":{"line":33,"column":38}},"5":{"start":{"line":35,"column":20},"end":{"line":45,"column":35}},"6":{"start":{"line":36,"column":37},"end":{"line":36,"column":39}},"7":{"start":{"line":38,"column":4},"end":{"line":38,"column":45}},"8":{"start":{"line":38,"column":18},"end":{"line":38,"column":45}},"9":{"start":{"line":40,"column":4},"end":{"line":40,"column":56}},"10":{"start":{"line":40,"column":22},"end":{"line":40,"column":56}},"11":{"start":{"line":42,"column":4},"end":{"line":42,"column":39}},"12":{"start":{"line":42,"column":15},"end":{"line":42,"column":39}},"13":{"start":{"line":44,"column":4},"end":{"line":44,"column":31}},"14":{"start":{"line":47,"column":23},"end":{"line":49,"column":15}},"15":{"start":{"line":48,"column":4},"end":{"line":48,"column":27}},"16":{"start":{"line":48,"column":17},"end":{"line":48,"column":27}},"17":{"start":{"line":51,"column":22},"end":{"line":53,"column":14}},"18":{"start":{"line":52,"column":4},"end":{"line":52,"column":25}},"19":{"start":{"line":52,"column":16},"end":{"line":52,"column":25}},"20":{"start":{"line":55,"column":24},"end":{"line":60,"column":16}},"21":{"start":{"line":56,"column":18},"end":{"line":56,"column":43}},"22":{"start":{"line":57,"column":4},"end":{"line":57,"column":25}},"23":{"start":{"line":59,"column":4},"end":{"line":59,"column":34}},"24":{"start":{"line":59,"column":18},"end":{"line":59,"column":34}},"25":{"start":{"line":62,"column":2},"end":{"line":78,"column":4}}},"fnMap":{"0":{"name":"(anonymous_0)","decl":{"start":{"line":16,"column":37},"end":{"line":16,"column":38}},"loc":{"start":{"line":30,"column":8},"end":{"line":79,"column":1}},"line":30},"1":{"name":"(anonymous_1)","decl":{"start":{"line":33,"column":12},"end":{"line":33,"column":13}},"loc":{"start":{"line":33,"column":18},"end":{"line":33,"column":38}},"line":33},"2":{"name":"(anonymous_2)","decl":{"start":{"line":35,"column":28},"end":{"line":35,"column":29}},"loc":{"start":{"line":35,"column":34},"end":{"line":45,"column":3}},"line":35},"3":{"name":"(anonymous_3)","decl":{"start":{"line":47,"column":35},"end":{"line":47,"column":36}},"loc":{"start":{"line":47,"column":41},"end":{"line":49,"column":3}},"line":47},"4":{"name":"(anonymous_4)","decl":{"start":{"line":51,"column":34},"end":{"line":51,"column":35}},"loc":{"start":{"line":51,"column":40},"end":{"line":53,"column":3}},"line":51},"5":{"name":"(anonymous_5)","decl":{"start":{"line":55,"column":36},"end":{"line":55,"column":37}},"loc":{"start":{"line":55,"column":47},"end":{"line":60,"column":3}},"line":55}},"branchMap":{"0":{"loc":{"start":{"line":18,"column":4},"end":{"line":18,"column":21}},"type":"default-arg","locations":[{"start":{"line":18,"column":16},"end":{"line":18,"column":21}}],"line":18},"1":{"loc":{"start":{"line":20,"column":4},"end":{"line":20,"column":35}},"type":"default-arg","locations":[{"start":{"line":20,"column":19},"end":{"line":20,"column":35}}],"line":20},"2":{"loc":{"start":{"line":23,"column":4},"end":{"line":23,"column":17}},"type":"default-arg","locations":[{"start":{"line":23,"column":12},"end":{"line":23,"column":17}}],"line":23},"3":{"loc":{"start":{"line":38,"column":4},"end":{"line":38,"column":45}},"type":"if","locations":[{"start":{"line":38,"column":4},"end":{"line":38,"column":45}},{"start":{},"end":{}}],"line":38},"4":{"loc":{"start":{"line":40,"column":4},"end":{"line":40,"column":56}},"type":"if","locations":[{"start":{"line":40,"column":4},"end":{"line":40,"column":56}},{"start":{},"end":{}}],"line":40},"5":{"loc":{"start":{"line":42,"column":4},"end":{"line":42,"column":39}},"type":"if","locations":[{"start":{"line":42,"column":4},"end":{"line":42,"column":39}},{"start":{},"end":{}}],"line":42},"6":{"loc":{"start":{"line":48,"column":4},"end":{"line":48,"column":27}},"type":"if","locations":[{"start":{"line":48,"column":4},"end":{"line":48,"column":27}},{"start":{},"end":{}}],"line":48},"7":{"loc":{"start":{"line":52,"column":4},"end":{"line":52,"column":25}},"type":"if","locations":[{"start":{"line":52,"column":4},"end":{"line":52,"column":25}},{"start":{},"end":{}}],"line":52},"8":{"loc":{"start":{"line":59,"column":4},"end":{"line":59,"column":34}},"type":"if","locations":[{"start":{"line":59,"column":4},"end":{"line":59,"column":34}},{"start":{},"end":{}}],"line":59},"9":{"loc":{"start":{"line":73,"column":9},"end":{"line":73,"column":92}},"type":"binary-expr","locations":[{"start":{"line":73,"column":9},"end":{"line":73,"column":20}},{"start":{"line":73,"column":24},"end":{"line":73,"column":92}}],"line":73},"10":{"loc":{"start":{"line":74,"column":9},"end":{"line":74,"column":68}},"type":"binary-expr","locations":[{"start":{"line":74,"column":9},"end":{"line":74,"column":14}},{"start":{"line":74,"column":18},"end":{"line":74,"column":68}}],"line":74},"11":{"loc":{"start":{"line":75,"column":9},"end":{"line":75,"column":50}},"type":"binary-expr","locations":[{"start":{"line":75,"column":9},"end":{"line":75,"column":21}},{"start":{"line":75,"column":25},"end":{"line":75,"column":31}},{"start":{"line":75,"column":35},"end":{"line":75,"column":50}}],"line":75}},"s":{"0":1,"1":1,"2":4,"3":4,"4":3,"5":4,"6":3,"7":3,"8":0,"9":3,"10":0,"11":3,"12":1,"13":3,"14":4,"15":0,"16":0,"17":4,"18":0,"19":0,"20":4,"21":0,"22":0,"23":0,"24":0,"25":4},"f":{"0":4,"1":3,"2":3,"3":0,"4":0,"5":0},"b":{"0":[4],"1":[4],"2":[3],"3":[0,3],"4":[0,3],"5":[1,2],"6":[0,0],"7":[0,0],"8":[0,0],"9":[4,1],"10":[4,1],"11":[4,0,0]},"_coverageSchema":"1a1c01bbd47fc00a2c39e90264f33305004495a9","hash":"1ead09158de39f87bb211d716563160033defdaf"}
}
