TN:
SF:src/components/Button/Button.tsx
FN:30,(anonymous_0)
FN:64,(anonymous_1)
FN:80,(anonymous_2)
FN:102,(anonymous_3)
FN:109,(anonymous_4)
FN:127,(anonymous_5)
FNF:6
FNH:6
FNDA:17,(anonymous_0)
FNDA:17,(anonymous_1)
FNDA:3,(anonymous_2)
FNDA:3,(anonymous_3)
FNDA:14,(anonymous_4)
FNDA:17,(anonymous_5)
DA:28,2
DA:30,2
DA:31,17
DA:33,17
DA:36,0
DA:39,0
DA:42,0
DA:45,0
DA:48,0
DA:51,0
DA:54,0
DA:57,0
DA:60,0
DA:64,2
DA:80,17
DA:81,3
DA:83,3
DA:84,3
DA:85,3
DA:86,3
DA:88,3
DA:89,3
DA:90,3
DA:91,3
DA:93,3
DA:95,3
DA:96,1
DA:99,3
DA:102,17
DA:103,3
DA:104,3
DA:105,3
DA:109,17
DA:110,14
DA:112,14
DA:114,14
DA:116,14
DA:118,14
DA:120,14
DA:122,14
DA:124,14
DA:127,17
DA:128,17
DA:137,17
DA:144,17
LF:45
LH:36
BRDA:31,0,0,17
BRDA:31,0,1,0
BRDA:31,0,2,0
BRDA:31,0,3,0
BRDA:31,0,4,0
BRDA:31,0,5,0
BRDA:31,0,6,0
BRDA:31,0,7,0
BRDA:31,0,8,0
BRDA:31,0,9,0
BRDA:67,1,0,5
BRDA:68,2,0,5
BRDA:70,3,0,17
BRDA:73,4,0,16
BRDA:95,5,0,1
BRDA:95,5,1,2
BRDA:103,6,0,3
BRDA:103,6,1,0
BRDA:104,7,0,3
BRDA:104,7,1,0
BRDA:105,8,0,3
BRDA:105,8,1,0
BRDA:110,9,0,10
BRDA:110,9,1,4
BRDA:112,10,0,1
BRDA:112,10,1,13
BRDA:114,11,0,14
BRDA:114,11,1,0
BRDA:114,12,0,14
BRDA:114,12,1,14
BRDA:116,13,0,14
BRDA:116,13,1,0
BRDA:118,14,0,1
BRDA:118,14,1,13
BRDA:120,15,0,1
BRDA:120,15,1,13
BRDA:122,16,0,10
BRDA:122,16,1,4
BRDA:132,17,0,17
BRDA:132,17,1,1
BRF:40
BRH:26
end_of_record
TN:
SF:src/components/Button/ButtonGroup.tsx
FN:14,(anonymous_0)
FN:49,(anonymous_1)
FN:77,(anonymous_2)
FN:90,(anonymous_3)
FN:94,(anonymous_4)
FN:99,(anonymous_5)
FNF:6
FNH:6
FNDA:12,(anonymous_0)
FNDA:9,(anonymous_1)
FNDA:6,(anonymous_2)
FNDA:3,(anonymous_3)
FNDA:1,(anonymous_4)
FNDA:6,(anonymous_5)
DA:12,1
DA:14,1
DA:15,12
DA:16,12
DA:17,12
DA:18,12
DA:19,12
DA:20,12
DA:25,12
DA:27,12
DA:28,3
DA:29,3
DA:30,3
DA:32,9
DA:33,9
DA:36,12
DA:46,12
DA:49,1
DA:50,9
DA:52,9
DA:53,9
DA:54,5
DA:55,16
DA:56,2
DA:57,14
DA:58,10
DA:59,10
DA:63,4
DA:64,4
DA:65,2
DA:66,2
DA:67,2
DA:68,2
DA:74,9
DA:77,1
DA:88,6
DA:90,6
DA:91,3
DA:94,6
DA:95,1
DA:96,1
DA:99,6
DA:100,6
DA:101,5
DA:102,5
DA:109,5
DA:112,1
DA:115,6
LF:48
LH:48
BRDA:16,0,0,12
BRDA:16,0,1,12
BRDA:17,1,0,12
BRDA:17,1,1,12
BRDA:18,2,0,0
BRDA:18,2,1,12
BRDA:18,3,0,3
BRDA:18,3,1,9
BRDA:19,4,0,12
BRDA:19,4,1,12
BRDA:19,4,2,0
BRDA:20,5,0,12
BRDA:20,5,1,12
BRDA:27,6,0,3
BRDA:27,6,1,9
BRDA:50,7,0,4
BRDA:50,7,1,5
BRDA:52,8,0,9
BRDA:52,8,1,0
BRDA:52,9,0,9
BRDA:52,9,1,9
BRDA:53,10,0,5
BRDA:53,10,1,4
BRDA:55,11,0,2
BRDA:55,11,1,14
BRDA:57,12,0,10
BRDA:57,12,1,4
BRDA:63,13,0,4
BRDA:63,13,1,0
BRDA:64,14,0,2
BRDA:64,14,1,2
BRDA:66,15,0,2
BRDA:66,15,1,0
BRDA:80,16,0,6
BRDA:81,17,0,6
BRDA:82,18,0,6
BRDA:83,19,0,6
BRDA:91,20,0,2
BRDA:91,20,1,1
BRDA:95,21,0,1
BRDA:95,21,1,0
BRDA:100,22,0,5
BRDA:100,22,1,1
BRDA:101,23,0,5
BRDA:101,23,1,5
BRF:45
BRH:39
end_of_record
TN:
SF:src/components/Checkbox/Checkbox.tsx
FN:17,(anonymous_0)
FN:31,(anonymous_1)
FN:33,(anonymous_2)
FN:41,(anonymous_3)
FN:49,(anonymous_4)
FN:58,(anonymous_5)
FNF:6
FNH:6
FNDA:6,(anonymous_0)
FNDA:5,(anonymous_1)
FNDA:6,(anonymous_2)
FNDA:5,(anonymous_3)
FNDA:1,(anonymous_4)
FNDA:3,(anonymous_5)
DA:15,1
DA:17,1
DA:29,6
DA:31,6
DA:33,6
DA:34,6
DA:35,2
DA:37,4
DA:41,6
DA:42,5
DA:44,5
DA:46,5
DA:49,6
DA:50,1
DA:51,1
DA:53,1
DA:55,1
DA:58,6
DA:59,3
DA:62,6
LF:20
LH:20
BRDA:19,0,0,6
BRDA:34,1,0,2
BRDA:34,1,1,4
BRDA:37,2,0,0
BRDA:37,2,1,4
BRDA:44,3,0,1
BRDA:44,3,1,4
BRDA:55,4,0,0
BRDA:55,4,1,1
BRDA:59,5,0,1
BRDA:59,5,1,2
BRDA:59,6,0,3
BRDA:59,6,1,3
BRDA:66,7,0,6
BRDA:66,7,1,1
BRDA:68,8,0,6
BRDA:68,8,1,6
BRF:17
BRH:15
end_of_record
TN:
SF:src/components/Input/Input.tsx
FN:18,(anonymous_0)
FN:40,(anonymous_1)
FN:43,(anonymous_2)
FN:47,(anonymous_3)
FN:67,(anonymous_4)
FN:81,(anonymous_5)
FN:86,(anonymous_6)
FN:91,(anonymous_7)
FN:96,(anonymous_8)
FNF:9
FNH:6
FNDA:14,(anonymous_0)
FNDA:7,(anonymous_1)
FNDA:7,(anonymous_2)
FNDA:14,(anonymous_3)
FNDA:7,(anonymous_4)
FNDA:0,(anonymous_5)
FNDA:0,(anonymous_6)
FNDA:0,(anonymous_7)
FNDA:14,(anonymous_8)
DA:16,1
DA:18,1
DA:37,14
DA:38,14
DA:40,14
DA:42,14
DA:43,7
DA:47,14
DA:48,14
DA:50,14
DA:52,14
DA:54,14
DA:56,14
DA:58,14
DA:60,14
DA:62,14
DA:64,14
DA:67,14
DA:68,7
DA:69,1
DA:71,1
DA:78,6
DA:81,14
DA:82,0
DA:83,0
DA:86,14
DA:87,0
DA:88,0
DA:91,14
DA:92,0
DA:93,0
DA:96,14
DA:97,14
DA:98,0
DA:111,14
DA:129,14
LF:36
LH:29
BRDA:20,0,0,14
BRDA:24,1,0,14
BRDA:43,2,0,0
BRDA:43,2,1,7
BRDA:50,3,0,2
BRDA:50,3,1,12
BRDA:52,4,0,2
BRDA:52,4,1,12
BRDA:54,5,0,0
BRDA:54,5,1,14
BRDA:56,6,0,0
BRDA:56,6,1,14
BRDA:56,7,0,14
BRDA:56,7,1,14
BRDA:58,8,0,2
BRDA:58,8,1,12
BRDA:60,9,0,2
BRDA:60,9,1,12
BRDA:62,10,0,2
BRDA:62,10,1,12
BRDA:68,11,0,1
BRDA:68,11,1,6
BRDA:69,12,0,0
BRDA:69,12,1,1
BRDA:83,13,0,0
BRDA:83,13,1,0
BRDA:88,14,0,0
BRDA:88,14,1,0
BRDA:93,15,0,0
BRDA:93,15,1,0
BRDA:97,16,0,0
BRDA:97,16,1,14
BRDA:133,17,0,14
BRDA:133,17,1,12
BRDA:136,18,0,14
BRDA:136,18,1,2
BRF:36
BRH:25
end_of_record
TN:
SF:src/components/Panel/Panel.tsx
FN:15,(anonymous_0)
FN:32,(anonymous_1)
FN:42,(anonymous_2)
FNF:3
FNH:3
FNDA:7,(anonymous_0)
FNDA:5,(anonymous_1)
FNDA:5,(anonymous_2)
DA:13,1
DA:15,1
DA:32,7
DA:33,5
DA:34,1
DA:35,4
DA:36,1
DA:39,3
DA:42,7
DA:43,5
DA:44,1
DA:45,4
DA:46,1
DA:49,3
DA:52,7
LF:15
LH:15
BRDA:33,0,0,1
BRDA:33,0,1,4
BRDA:35,1,0,1
BRDA:35,1,1,3
BRDA:43,2,0,1
BRDA:43,2,1,4
BRDA:45,3,0,1
BRDA:45,3,1,3
BRF:8
BRH:8
end_of_record
TN:
SF:src/components/TextArea/TextArea.tsx
FN:16,(anonymous_0)
FN:33,(anonymous_1)
FN:35,(anonymous_2)
FN:47,(anonymous_3)
FN:51,(anonymous_4)
FN:55,(anonymous_5)
FNF:6
FNH:3
FNDA:4,(anonymous_0)
FNDA:3,(anonymous_1)
FNDA:3,(anonymous_2)
FNDA:0,(anonymous_3)
FNDA:0,(anonymous_4)
FNDA:0,(anonymous_5)
DA:14,1
DA:16,1
DA:31,4
DA:33,4
DA:35,4
DA:36,3
DA:38,3
DA:40,3
DA:42,3
DA:44,3
DA:47,4
DA:48,0
DA:51,4
DA:52,0
DA:55,4
DA:56,0
DA:57,0
DA:59,0
DA:62,4
LF:19
LH:14
BRDA:18,0,0,4
BRDA:20,1,0,4
BRDA:23,2,0,3
BRDA:38,3,0,0
BRDA:38,3,1,3
BRDA:40,4,0,0
BRDA:40,4,1,3
BRDA:42,5,0,1
BRDA:42,5,1,2
BRDA:48,6,0,0
BRDA:48,6,1,0
BRDA:52,7,0,0
BRDA:52,7,1,0
BRDA:59,8,0,0
BRDA:59,8,1,0
BRDA:73,9,0,4
BRDA:73,9,1,1
BRDA:74,10,0,4
BRDA:74,10,1,1
BRDA:75,11,0,4
BRDA:75,11,1,0
BRDA:75,11,2,0
BRF:22
BRH:12
end_of_record
